<?xml version="1.0" encoding="utf-8"?><testsuites><testsuite name="pytest" errors="0" failures="0" skipped="0" tests="3" time="62.058" timestamp="2022-04-23T19:19:23.806262" hostname="LAPTOP-ATG6F870"><testcase classname="test_End2End.TestOne" name="test_e2e" time="49.770" /><testcase classname="test_Homepage.TestHomePage" name="test_formsubmission[getData0]" time="9.278" /><testcase classname="test_Homepage.TestHomePage" name="test_formsubmission[getData1]" time="2.919" /></testsuite></testsuites>